<?xml version="1.0" encoding="utf-8"?>
<coverage line-rate="0.5685" branch-rate="0.604" version="1.9" timestamp="1786646597" lines-covered="365" lines-valid="642" branches-covered="180" branches-valid="298">
  <sources>
    <source></source>
  </sources>
  <packages>
    <package name="ValidationModules.Runtime" line-rate="0.5685" branch-rate="0.604" complexity="393">
      <classes>
        <class name="Microsoft.Extensions.DependencyInjection.ValidationModulesServiceCollectionExtensions" filename="https://raw.githubusercontent.com/ipjohnson/ValidationModules/5326066691090f92c83d3f989359496ee144104f/src/ValidationModules.Runtime/ServiceCollectionExtensions.cs" line-rate="0.5" branch-rate="0.5" complexity="5">
          <methods>
            <method name="AddValidationModules" signature="(Microsoft.Extensions.DependencyInjection.IServiceCollection,System.Collections.Generic.IReadOnlyList`1&lt;ValidationModules.ValidatorRegistration&gt;)" line-rate="1" branch-rate="1" complexity="2">
              <lines>
                <line number="33" hits="1" branch="False" />
                <line number="34" hits="1" branch="False" />
                <line number="36" hits="38" branch="True" condition-coverage="100% (2/2)">
                  <conditions>
                    <condition number="71" type="jump" coverage="100%" />
                  </conditions>
                </line>
                <line number="37" hits="18" branch="False" />
                <line number="39" hits="18" branch="False" />
                <line number="40" hits="18" branch="False" />
                <line number="41" hits="18" branch="False" />
                <line number="42" hits="18" branch="False" />
                <line number="47" hits="1" branch="False" />
                <line number="49" hits="1" branch="False" />
              </lines>
            </method>
            <method name="AddValidationRunner" signature="(Microsoft.Extensions.DependencyInjection.IServiceCollection)" line-rate="0" branch-rate="1" complexity="1">
              <lines>
                <line number="60" hits="0" branch="False" />
                <line number="62" hits="0" branch="False" />
                <line number="64" hits="0" branch="False" />
              </lines>
            </method>
            <method name="AddDescribedValidator" signature="(Microsoft.Extensions.DependencyInjection.IServiceCollection)" line-rate="0" branch-rate="0" complexity="2">
              <lines>
                <line number="90" hits="0" branch="False" />
                <line number="92" hits="0" branch="True" condition-coverage="0% (0/2)">
                  <conditions>
                    <condition number="18" type="jump" coverage="0%" />
                  </conditions>
                </line>
                <line number="93" hits="0" branch="False" />
                <line number="94" hits="0" branch="False" />
                <line number="95" hits="0" branch="False" />
                <line number="97" hits="0" branch="False" />
                <line number="99" hits="0" branch="False" />
              </lines>
            </method>
          </methods>
          <lines>
            <line number="33" hits="1" branch="False" />
            <line number="34" hits="1" branch="False" />
            <line number="36" hits="38" branch="True" condition-coverage="100% (2/2)">
              <conditions>
                <condition number="71" type="jump" coverage="100%" />
              </conditions>
            </line>
            <line number="37" hits="18" branch="False" />
            <line number="39" hits="18" branch="False" />
            <line number="40" hits="18" branch="False" />
            <line number="41" hits="18" branch="False" />
            <line number="42" hits="18" branch="False" />
            <line number="47" hits="1" branch="False" />
            <line number="49" hits="1" branch="False" />
            <line number="60" hits="0" branch="False" />
            <line number="62" hits="0" branch="False" />
            <line number="64" hits="0" branch="False" />
            <line number="90" hits="0" branch="False" />
            <line number="92" hits="0" branch="True" condition-coverage="0% (0/2)">
              <conditions>
                <condition number="18" type="jump" coverage="0%" />
              </conditions>
            </line>
            <line number="93" hits="0" branch="False" />
            <line number="94" hits="0" branch="False" />
            <line number="95" hits="0" branch="False" />
            <line number="97" hits="0" branch="False" />
            <line number="99" hits="0" branch="False" />
          </lines>
        </class>
        <class name="ValidationModules.DefaultValidationProfileAttribute" filename="https://raw.githubusercontent.com/ipjohnson/ValidationModules/5326066691090f92c83d3f989359496ee144104f/src/ValidationModules.Runtime/DefaultValidationProfileAttribute.cs" line-rate="0" branch-rate="1" complexity="1">
          <methods>
            <method name=".ctor" signature="(System.Type)" line-rate="0" branch-rate="1" complexity="1">
              <lines>
                <line number="23" hits="0" branch="False" />
                <line number="24" hits="0" branch="False" />
                <line number="27" hits="0" branch="False" />
              </lines>
            </method>
          </methods>
          <lines>
            <line number="23" hits="0" branch="False" />
            <line number="24" hits="0" branch="False" />
            <line number="27" hits="0" branch="False" />
          </lines>
        </class>
        <class name="ValidationModules.DescribedValidator`1" filename="https://raw.githubusercontent.com/ipjohnson/ValidationModules/5326066691090f92c83d3f989359496ee144104f/src/ValidationModules.Runtime/Rules/DescribedValidator.cs" line-rate="1" branch-rate="1" complexity="4">
          <methods>
            <method name="Validate" signature="(ValidationModules.ValidationContext&amp;,T)" line-rate="1" branch-rate="1" complexity="2">
              <lines>
                <line number="72" hits="198" branch="True" condition-coverage="100% (2/2)">
                  <conditions>
                    <condition number="32" type="jump" coverage="100%" />
                  </conditions>
                </line>
                <line number="73" hits="88" branch="False" />
                <line number="75" hits="11" branch="False" />
              </lines>
            </method>
            <method name=".ctor" signature="(ValidationModules.IValidationRulesFor`1&lt;T&gt;,ValidationModules.IValidatorProvider,ValidationModules.Naming.IValidationFieldNamer)" line-rate="1" branch-rate="1" complexity="2">
              <lines>
                <line number="59" hits="2" branch="False" />
                <line number="61" hits="2" branch="True" condition-coverage="100% (2/2)">
                  <conditions>
                    <condition number="19" type="jump" coverage="100%" />
                  </conditions>
                </line>
                <line number="62" hits="2" branch="False" />
                <line number="64" hits="2" branch="False" />
                <line number="65" hits="2" branch="False" />
              </lines>
            </method>
          </methods>
          <lines>
            <line number="72" hits="198" branch="True" condition-coverage="100% (2/2)">
              <conditions>
                <condition number="32" type="jump" coverage="100%" />
              </conditions>
            </line>
            <line number="73" hits="88" branch="False" />
            <line number="75" hits="11" branch="False" />
            <line number="59" hits="2" branch="False" />
            <line number="61" hits="2" branch="True" condition-coverage="100% (2/2)">
              <conditions>
                <condition number="19" type="jump" coverage="100%" />
              </conditions>
            </line>
            <line number="62" hits="2" branch="False" />
            <line number="64" hits="2" branch="False" />
            <line number="65" hits="2" branch="False" />
          </lines>
        </class>
        <class name="ValidationModules.PropertyRules`2" filename="https://raw.githubusercontent.com/ipjohnson/ValidationModules/5326066691090f92c83d3f989359496ee144104f/src/ValidationModules.Runtime/Rules/PropertyRules.cs" line-rate="0.8" branch-rate="1" complexity="2">
          <methods>
            <method name="get_And" signature="()" line-rate="0" branch-rate="1" complexity="1">
              <lines>
                <line number="28" hits="0" branch="False" />
              </lines>
            </method>
            <method name=".ctor" signature="(ValidationModules.ValidationRules`1&lt;T&gt;,System.String,System.Func`2&lt;T,TValue&gt;)" line-rate="1" branch-rate="1" complexity="1">
              <lines>
                <line number="22" hits="8" branch="False" />
                <line number="23" hits="8" branch="False" />
                <line number="24" hits="8" branch="False" />
                <line number="25" hits="8" branch="False" />
              </lines>
            </method>
          </methods>
          <lines>
            <line number="28" hits="0" branch="False" />
            <line number="22" hits="8" branch="False" />
            <line number="23" hits="8" branch="False" />
            <line number="24" hits="8" branch="False" />
            <line number="25" hits="8" branch="False" />
          </lines>
        </class>
        <class name="ValidationModules.PropertyRulesExtensions" filename="https://raw.githubusercontent.com/ipjohnson/ValidationModules/5326066691090f92c83d3f989359496ee144104f/src/ValidationModules.Runtime/Rules/PropertyRules.cs" line-rate="0.081" branch-rate="1" complexity="11">
          <methods>
            <method name="Required" signature="(ValidationModules.PropertyRules`2&lt;T,System.String&gt;)" line-rate="0" branch-rate="1" complexity="1">
              <lines>
                <line number="50" hits="0" branch="False" />
                <line number="51" hits="0" branch="False" />
                <line number="53" hits="0" branch="False" />
              </lines>
            </method>
            <method name="RequiredAllowingEmpty" signature="(ValidationModules.PropertyRules`2&lt;T,System.String&gt;)" line-rate="0" branch-rate="1" complexity="1">
              <lines>
                <line number="66" hits="0" branch="False" />
                <line number="67" hits="0" branch="False" />
                <line number="69" hits="0" branch="False" />
              </lines>
            </method>
            <method name="Required" signature="(ValidationModules.PropertyRules`2&lt;T,TValue&gt;)" line-rate="0" branch-rate="1" complexity="1">
              <lines>
                <line number="75" hits="0" branch="False" />
                <line number="76" hits="0" branch="False" />
                <line number="78" hits="0" branch="False" />
              </lines>
            </method>
            <method name="Required" signature="(ValidationModules.PropertyRules`2&lt;T,System.Nullable`1&lt;TValue&gt;&gt;)" line-rate="0" branch-rate="1" complexity="1">
              <lines>
                <line number="84" hits="0" branch="False" />
                <line number="85" hits="0" branch="False" />
                <line number="87" hits="0" branch="False" />
              </lines>
            </method>
            <method name="Length" signature="(ValidationModules.PropertyRules`2&lt;T,System.String&gt;,System.Int32,System.Int32)" line-rate="1" branch-rate="1" complexity="1">
              <lines>
                <line number="93" hits="2" branch="False" />
                <line number="94" hits="2" branch="False" />
                <line number="96" hits="2" branch="False" />
              </lines>
            </method>
            <method name="Pattern" signature="(ValidationModules.PropertyRules`2&lt;T,System.String&gt;,System.Func`1&lt;System.Text.RegularExpressions.Regex&gt;)" line-rate="0" branch-rate="1" complexity="1">
              <lines>
                <line number="102" hits="0" branch="False" />
                <line number="103" hits="0" branch="False" />
                <line number="104" hits="0" branch="False" />
                <line number="106" hits="0" branch="False" />
              </lines>
            </method>
            <method name="Range" signature="(ValidationModules.PropertyRules`2&lt;T,System.Nullable`1&lt;TValue&gt;&gt;,TValue,TValue)" line-rate="0" branch-rate="1" complexity="1">
              <lines>
                <line number="113" hits="0" branch="False" />
                <line number="114" hits="0" branch="False" />
                <line number="116" hits="0" branch="False" />
              </lines>
            </method>
            <method name="AllowedValues" signature="(ValidationModules.PropertyRules`2&lt;T,TValue&gt;,TValue[])" line-rate="0" branch-rate="1" complexity="1">
              <lines>
                <line number="122" hits="0" branch="False" />
                <line number="123" hits="0" branch="False" />
                <line number="124" hits="0" branch="False" />
                <line number="126" hits="0" branch="False" />
              </lines>
            </method>
            <method name="Count" signature="(ValidationModules.PropertyRules`2&lt;T,System.Collections.Generic.IReadOnlyList`1&lt;TElement&gt;&gt;,System.Int32,System.Int32)" line-rate="0" branch-rate="1" complexity="1">
              <lines>
                <line number="132" hits="0" branch="False" />
                <line number="133" hits="0" branch="False" />
                <line number="135" hits="0" branch="False" />
              </lines>
            </method>
            <method name="Each" signature="(ValidationModules.PropertyRules`2&lt;T,System.Collections.Generic.IReadOnlyList`1&lt;TElement&gt;&gt;)" line-rate="0" branch-rate="1" complexity="1">
              <lines>
                <line number="142" hits="0" branch="False" />
                <line number="143" hits="0" branch="False" />
                <line number="144" hits="0" branch="False" />
                <line number="146" hits="0" branch="False" />
              </lines>
            </method>
            <method name="Nested" signature="(ValidationModules.PropertyRules`2&lt;T,TValue&gt;)" line-rate="0" branch-rate="1" complexity="1">
              <lines>
                <line number="152" hits="0" branch="False" />
                <line number="153" hits="0" branch="False" />
                <line number="154" hits="0" branch="False" />
                <line number="156" hits="0" branch="False" />
              </lines>
            </method>
          </methods>
          <lines>
            <line number="50" hits="0" branch="False" />
            <line number="51" hits="0" branch="False" />
            <line number="53" hits="0" branch="False" />
            <line number="66" hits="0" branch="False" />
            <line number="67" hits="0" branch="False" />
            <line number="69" hits="0" branch="False" />
            <line number="75" hits="0" branch="False" />
            <line number="76" hits="0" branch="False" />
            <line number="78" hits="0" branch="False" />
            <line number="84" hits="0" branch="False" />
            <line number="85" hits="0" branch="False" />
            <line number="87" hits="0" branch="False" />
            <line number="93" hits="2" branch="False" />
            <line number="94" hits="2" branch="False" />
            <line number="96" hits="2" branch="False" />
            <line number="102" hits="0" branch="False" />
            <line number="103" hits="0" branch="False" />
            <line number="104" hits="0" branch="False" />
            <line number="106" hits="0" branch="False" />
            <line number="113" hits="0" branch="False" />
            <line number="114" hits="0" branch="False" />
            <line number="116" hits="0" branch="False" />
            <line number="122" hits="0" branch="False" />
            <line number="123" hits="0" branch="False" />
            <line number="124" hits="0" branch="False" />
            <line number="126" hits="0" branch="False" />
            <line number="132" hits="0" branch="False" />
            <line number="133" hits="0" branch="False" />
            <line number="135" hits="0" branch="False" />
            <line number="142" hits="0" branch="False" />
            <line number="143" hits="0" branch="False" />
            <line number="144" hits="0" branch="False" />
            <line number="146" hits="0" branch="False" />
            <line number="152" hits="0" branch="False" />
            <line number="153" hits="0" branch="False" />
            <line number="154" hits="0" branch="False" />
            <line number="156" hits="0" branch="False" />
          </lines>
        </class>
        <class name="ValidationModules.ValidationRules`1" filename="https://raw.githubusercontent.com/ipjohnson/ValidationModules/5326066691090f92c83d3f989359496ee144104f/src/ValidationModules.Runtime/Rules/ValidationRules.cs" line-rate="0.6551" branch-rate="0.75" complexity="44">
          <methods>
            <method name="For" signature="(System.Func`2&lt;T,TValue&gt;,System.String,System.String)" line-rate="0" branch-rate="1" complexity="1">
              <lines>
                <line number="44" hits="0" branch="False" />
              </lines>
            </method>
            <method name="Required" signature="(System.Func`2&lt;T,System.String&gt;,System.String,System.String)" line-rate="1" branch-rate="1" complexity="1">
              <lines>
                <line number="61" hits="2" branch="False" />
                <line number="62" hits="2" branch="False" />
                <line number="64" hits="2" branch="False" />
              </lines>
            </method>
            <method name="RequiredAllowingEmpty" signature="(System.Func`2&lt;T,System.String&gt;,System.String,System.String)" line-rate="0" branch-rate="1" complexity="1">
              <lines>
                <line number="75" hits="0" branch="False" />
                <line number="76" hits="0" branch="False" />
                <line number="78" hits="0" branch="False" />
              </lines>
            </method>
            <method name="Required" signature="(System.Func`2&lt;T,TValue&gt;,System.String,System.String)" line-rate="0" branch-rate="1" complexity="1">
              <lines>
                <line number="88" hits="0" branch="False" />
                <line number="89" hits="0" branch="False" />
                <line number="91" hits="0" branch="False" />
              </lines>
            </method>
            <method name="Required" signature="(System.Func`2&lt;T,System.Nullable`1&lt;TValue&gt;&gt;,System.String,System.String)" line-rate="0" branch-rate="1" complexity="1">
              <lines>
                <line number="109" hits="0" branch="False" />
                <line number="110" hits="0" branch="False" />
                <line number="112" hits="0" branch="False" />
              </lines>
            </method>
            <method name="Length" signature="(System.Func`2&lt;T,System.String&gt;,System.Int32,System.Int32,System.String,System.String)" line-rate="0" branch-rate="1" complexity="1">
              <lines>
                <line number="123" hits="0" branch="False" />
                <line number="124" hits="0" branch="False" />
                <line number="126" hits="0" branch="False" />
              </lines>
            </method>
            <method name="Range" signature="(System.Func`2&lt;T,System.Nullable`1&lt;TValue&gt;&gt;,TValue,TValue,System.String,System.String)" line-rate="1" branch-rate="1" complexity="1">
              <lines>
                <line number="138" hits="2" branch="False" />
                <line number="139" hits="2" branch="False" />
                <line number="141" hits="2" branch="False" />
              </lines>
            </method>
            <method name="Pattern" signature="(System.Func`2&lt;T,System.String&gt;,System.Func`1&lt;System.Text.RegularExpressions.Regex&gt;,System.String,System.String)" line-rate="1" branch-rate="1" complexity="1">
              <lines>
                <line number="158" hits="2" branch="False" />
                <line number="160" hits="2" branch="False" />
                <line number="161" hits="2" branch="False" />
                <line number="163" hits="2" branch="False" />
              </lines>
            </method>
            <method name="AllowedValues" signature="(System.Func`2&lt;T,TValue&gt;,TValue[],System.String,System.String)" line-rate="0" branch-rate="1" complexity="1">
              <lines>
                <line number="182" hits="0" branch="False" />
                <line number="184" hits="0" branch="False" />
                <line number="185" hits="0" branch="False" />
                <line number="187" hits="0" branch="False" />
              </lines>
            </method>
            <method name="Count" signature="(System.Func`2&lt;T,System.Collections.Generic.IReadOnlyList`1&lt;TElement&gt;&gt;,System.Int32,System.Int32,System.String,System.String)" line-rate="1" branch-rate="1" complexity="1">
              <lines>
                <line number="206" hits="2" branch="False" />
                <line number="207" hits="2" branch="False" />
                <line number="209" hits="2" branch="False" />
              </lines>
            </method>
            <method name="Nested" signature="(System.Func`2&lt;T,TValue&gt;,System.String,System.String)" line-rate="0" branch-rate="1" complexity="1">
              <lines>
                <line number="219" hits="0" branch="False" />
                <line number="220" hits="0" branch="False" />
                <line number="222" hits="0" branch="False" />
              </lines>
            </method>
            <method name="Each" signature="(System.Func`2&lt;T,System.Collections.Generic.IReadOnlyList`1&lt;TElement&gt;&gt;,System.String,System.String)" line-rate="0" branch-rate="1" complexity="1">
              <lines>
                <line number="232" hits="0" branch="False" />
                <line number="233" hits="0" branch="False" />
                <line number="235" hits="0" branch="False" />
              </lines>
            </method>
            <method name="Ensure" signature="(System.Func`2&lt;T,System.Boolean&gt;,System.String,System.String,System.String,ValidationModules.ValidationSeverity,System.String)" line-rate="1" branch-rate="1" complexity="6">
              <lines>
                <line number="271" hits="4" branch="False" />
                <line number="273" hits="4" branch="True" condition-coverage="100% (2/2)">
                  <conditions>
                    <condition number="13" type="jump" coverage="100%" />
                  </conditions>
                </line>
                <line number="275" hits="4" branch="True" condition-coverage="100% (4/4)">
                  <conditions>
                    <condition number="47" type="jump" coverage="100%" />
                    <condition number="58" type="jump" coverage="100%" />
                  </conditions>
                </line>
                <line number="276" hits="4" branch="False" />
                <line number="277" hits="4" branch="False" />
                <line number="278" hits="4" branch="False" />
                <line number="279" hits="4" branch="False" />
                <line number="280" hits="4" branch="False" />
                <line number="282" hits="4" branch="False" />
              </lines>
            </method>
            <method name="Apply" signature="(ValidationModules.RuleAction`1&lt;T&gt;)" line-rate="1" branch-rate="1" complexity="1">
              <lines>
                <line number="287" hits="2" branch="False" />
                <line number="288" hits="2" branch="False" />
                <line number="290" hits="2" branch="False" />
              </lines>
            </method>
            <method name="Add" signature="(ValidationModules.Rules.ICompiledRule`1&lt;T&gt;)" line-rate="1" branch-rate="1" complexity="1">
              <lines>
                <line number="293" hits="2" branch="False" />
              </lines>
            </method>
            <method name="get_Namer" signature="()" line-rate="0" branch-rate="1" complexity="1">
              <lines>
                <line number="295" hits="0" branch="False" />
              </lines>
            </method>
            <method name="ValidatorFor" signature="(System.String)" line-rate="0" branch-rate="0" complexity="4">
              <lines>
                <line number="298" hits="0" branch="True" condition-coverage="0% (0/4)">
                  <conditions>
                    <condition number="7" type="jump" coverage="0%" />
                    <condition number="19" type="jump" coverage="0%" />
                  </conditions>
                </line>
                <line number="299" hits="0" branch="False" />
                <line number="300" hits="0" branch="False" />
                <line number="301" hits="0" branch="False" />
                <line number="302" hits="0" branch="False" />
              </lines>
            </method>
            <method name="FieldOf" signature="(System.String,System.String)" line-rate="1" branch-rate="1" complexity="2">
              <lines>
                <line number="305" hits="8" branch="True" condition-coverage="100% (2/2)">
                  <conditions>
                    <condition number="2" type="jump" coverage="100%" />
                  </conditions>
                </line>
              </lines>
            </method>
            <method name="Named" signature="(System.String,System.String,System.String)" line-rate="1" branch-rate="0.5" complexity="2">
              <lines>
                <line number="308" hits="12" branch="True" condition-coverage="50% (1/2)">
                  <conditions>
                    <condition number="1" type="jump" coverage="50%" />
                  </conditions>
                </line>
                <line number="309" hits="12" branch="False" />
                <line number="310" hits="12" branch="False" />
                <line number="311" hits="12" branch="False" />
                <line number="312" hits="12" branch="False" />
              </lines>
            </method>
            <method name="Build" signature="()" line-rate="1" branch-rate="1" complexity="10">
              <lines>
                <line number="336" hits="2" branch="False" />
                <line number="337" hits="2" branch="False" />
                <line number="338" hits="2" branch="False" />
                <line number="340" hits="36" branch="True" condition-coverage="100% (2/2)">
                  <conditions>
                    <condition number="160" type="jump" coverage="100%" />
                  </conditions>
                </line>
                <line number="341" hits="16" branch="True" condition-coverage="100% (2/2)">
                  <conditions>
                    <condition number="54" type="jump" coverage="100%" />
                  </conditions>
                </line>
                <line number="342" hits="2" branch="False" />
                <line number="343" hits="2" branch="False" />
                <line number="346" hits="14" branch="True" condition-coverage="100% (2/2)">
                  <conditions>
                    <condition number="81" type="jump" coverage="100%" />
                  </conditions>
                </line>
                <line number="347" hits="10" branch="False" />
                <line number="348" hits="10" branch="False" />
                <line number="351" hits="14" branch="True" condition-coverage="100% (2/2)">
                  <conditions>
                    <condition number="124" type="jump" coverage="100%" />
                  </conditions>
                </line>
                <line number="352" hits="2" branch="False" />
                <line number="354" hits="12" branch="False" />
                <line number="358" hits="2" branch="False" />
                <line number="360" hits="24" branch="True" condition-coverage="100% (2/2)">
                  <conditions>
                    <condition number="235" type="jump" coverage="100%" />
                  </conditions>
                </line>
                <line number="361" hits="10" branch="False" />
                <line number="364" hits="2" branch="False" />
                <line number="366" hits="2" branch="False" />
              </lines>
            </method>
            <method name="CountOfRequired" signature="(System.Collections.Generic.List`1&lt;ValidationModules.Rules.ICompiledRule`1&lt;T&gt;&gt;)" line-rate="0.75" branch-rate="0.5" complexity="4">
              <lines>
                <line number="370" hits="2" branch="False" />
                <line number="372" hits="2" branch="True" condition-coverage="50% (2/4)">
                  <conditions>
                    <condition number="29" type="jump" coverage="50%" />
                    <condition number="15" type="jump" coverage="50%" />
                  </conditions>
                </line>
                <line number="373" hits="0" branch="False" />
                <line number="376" hits="2" branch="False" />
              </lines>
            </method>
            <method name=".ctor" signature="(ValidationModules.Naming.IValidationFieldNamer,ValidationModules.IValidatorProvider)" line-rate="1" branch-rate="1" complexity="1">
              <lines>
                <line number="27" hits="2" branch="False" />
                <line number="32" hits="2" branch="False" />
                <line number="33" hits="2" branch="False" />
                <line number="34" hits="2" branch="False" />
              </lines>
            </method>
          </methods>
          <lines>
            <line number="44" hits="0" branch="False" />
            <line number="61" hits="2" branch="False" />
            <line number="62" hits="2" branch="False" />
            <line number="64" hits="2" branch="False" />
            <line number="75" hits="0" branch="False" />
            <line number="76" hits="0" branch="False" />
            <line number="78" hits="0" branch="False" />
            <line number="88" hits="0" branch="False" />
            <line number="89" hits="0" branch="False" />
            <line number="91" hits="0" branch="False" />
            <line number="109" hits="0" branch="False" />
            <line number="110" hits="0" branch="False" />
            <line number="112" hits="0" branch="False" />
            <line number="123" hits="0" branch="False" />
            <line number="124" hits="0" branch="False" />
            <line number="126" hits="0" branch="False" />
            <line number="138" hits="2" branch="False" />
            <line number="139" hits="2" branch="False" />
            <line number="141" hits="2" branch="False" />
            <line number="158" hits="2" branch="False" />
            <line number="160" hits="2" branch="False" />
            <line number="161" hits="2" branch="False" />
            <line number="163" hits="2" branch="False" />
            <line number="182" hits="0" branch="False" />
            <line number="184" hits="0" branch="False" />
            <line number="185" hits="0" branch="False" />
            <line number="187" hits="0" branch="False" />
            <line number="206" hits="2" branch="False" />
            <line number="207" hits="2" branch="False" />
            <line number="209" hits="2" branch="False" />
            <line number="219" hits="0" branch="False" />
            <line number="220" hits="0" branch="False" />
            <line number="222" hits="0" branch="False" />
            <line number="232" hits="0" branch="False" />
            <line number="233" hits="0" branch="False" />
            <line number="235" hits="0" branch="False" />
            <line number="271" hits="4" branch="False" />
            <line number="273" hits="4" branch="True" condition-coverage="100% (2/2)">
              <conditions>
                <condition number="13" type="jump" coverage="100%" />
              </conditions>
            </line>
            <line number="275" hits="4" branch="True" condition-coverage="100% (4/4)">
              <conditions>
                <condition number="47" type="jump" coverage="100%" />
                <condition number="58" type="jump" coverage="100%" />
              </conditions>
            </line>
            <line number="276" hits="4" branch="False" />
            <line number="277" hits="4" branch="False" />
            <line number="278" hits="4" branch="False" />
            <line number="279" hits="4" branch="False" />
            <line number="280" hits="4" branch="False" />
            <line number="282" hits="4" branch="False" />
            <line number="287" hits="2" branch="False" />
            <line number="288" hits="2" branch="False" />
            <line number="290" hits="2" branch="False" />
            <line number="293" hits="2" branch="False" />
            <line number="295" hits="0" branch="False" />
            <line number="298" hits="0" branch="True" condition-coverage="0% (0/4)">
              <conditions>
                <condition number="7" type="jump" coverage="0%" />
                <condition number="19" type="jump" coverage="0%" />
              </conditions>
            </line>
            <line number="299" hits="0" branch="False" />
            <line number="300" hits="0" branch="False" />
            <line number="301" hits="0" branch="False" />
            <line number="302" hits="0" branch="False" />
            <line number="305" hits="8" branch="True" condition-coverage="100% (2/2)">
              <conditions>
                <condition number="2" type="jump" coverage="100%" />
              </conditions>
            </line>
            <line number="308" hits="12" branch="True" condition-coverage="50% (1/2)">
              <conditions>
                <condition number="1" type="jump" coverage="50%" />
              </conditions>
            </line>
            <line number="309" hits="12" branch="False" />
            <line number="310" hits="12" branch="False" />
            <line number="311" hits="12" branch="False" />
            <line number="312" hits="12" branch="False" />
            <line number="336" hits="2" branch="False" />
            <line number="337" hits="2" branch="False" />
            <line number="338" hits="2" branch="False" />
            <line number="340" hits="36" branch="True" condition-coverage="100% (2/2)">
              <conditions>
                <condition number="160" type="jump" coverage="100%" />
              </conditions>
            </line>
            <line number="341" hits="16" branch="True" condition-coverage="100% (2/2)">
              <conditions>
                <condition number="54" type="jump" coverage="100%" />
              </conditions>
            </line>
            <line number="342" hits="2" branch="False" />
            <line number="343" hits="2" branch="False" />
            <line number="346" hits="14" branch="True" condition-coverage="100% (2/2)">
              <conditions>
                <condition number="81" type="jump" coverage="100%" />
              </conditions>
            </line>
            <line number="347" hits="10" branch="False" />
            <line number="348" hits="10" branch="False" />
            <line number="351" hits="14" branch="True" condition-coverage="100% (2/2)">
              <conditions>
                <condition number="124" type="jump" coverage="100%" />
              </conditions>
            </line>
            <line number="352" hits="2" branch="False" />
            <line number="354" hits="12" branch="False" />
            <line number="358" hits="2" branch="False" />
            <line number="360" hits="24" branch="True" condition-coverage="100% (2/2)">
              <conditions>
                <condition number="235" type="jump" coverage="100%" />
              </conditions>
            </line>
            <line number="361" hits="10" branch="False" />
            <line number="364" hits="2" branch="False" />
            <line number="366" hits="2" branch="False" />
            <line number="370" hits="2" branch="False" />
            <line number="372" hits="2" branch="True" condition-coverage="50% (2/4)">
              <conditions>
                <condition number="29" type="jump" coverage="50%" />
                <condition number="15" type="jump" coverage="50%" />
              </conditions>
            </line>
            <line number="373" hits="0" branch="False" />
            <line number="376" hits="2" branch="False" />
            <line number="27" hits="2" branch="False" />
            <line number="32" hits="2" branch="False" />
            <line number="33" hits="2" branch="False" />
            <line number="34" hits="2" branch="False" />
          </lines>
        </class>
        <class name="ValidationModules.ValidationContext" filename="https://raw.githubusercontent.com/ipjohnson/ValidationModules/5326066691090f92c83d3f989359496ee144104f/src/ValidationModules.Runtime/ValidationContext.cs" line-rate="0.8723000000000001" branch-rate="0.85" complexity="30">
          <methods>
            <method name="Push" signature="(System.String)" line-rate="1" branch-rate="1" complexity="1">
              <lines>
                <line number="96" hits="75" branch="False" />
              </lines>
            </method>
            <method name="PushIndex" signature="(System.String,System.Int32)" line-rate="1" branch-rate="1" complexity="1">
              <lines>
                <line number="104" hits="715" branch="False" />
              </lines>
            </method>
            <method name="PushKey" signature="(System.String,System.String)" line-rate="1" branch-rate="1" complexity="1">
              <lines>
                <line number="112" hits="2" branch="False" />
              </lines>
            </method>
            <method name="Add" signature="(System.String,System.String,System.String,ValidationModules.ValidationSeverity)" line-rate="1" branch-rate="1" complexity="1">
              <lines>
                <line number="126" hits="72" branch="False" />
                <line number="128" hits="72" branch="False" />
                <line number="129" hits="72" branch="False" />
              </lines>
            </method>
            <method name="AddHere" signature="(System.String,System.String,ValidationModules.ValidationSeverity)" line-rate="0" branch-rate="1" complexity="1">
              <lines>
                <line number="141" hits="0" branch="False" />
                <line number="143" hits="0" branch="False" />
                <line number="144" hits="0" branch="False" />
              </lines>
            </method>
            <method name="get_HasErrors" signature="()" line-rate="0" branch-rate="1" complexity="1">
              <lines>
                <line number="149" hits="0" branch="False" />
              </lines>
            </method>
            <method name="get_ErrorCount" signature="()" line-rate="0" branch-rate="1" complexity="1">
              <lines>
                <line number="155" hits="0" branch="False" />
              </lines>
            </method>
            <method name="get_Profile" signature="()" line-rate="0" branch-rate="1" complexity="1">
              <lines>
                <line number="160" hits="0" branch="False" />
              </lines>
            </method>
            <method name="Descend" signature="(System.String,System.Int32,System.String)" line-rate="1" branch-rate="1" complexity="4">
              <lines>
                <line number="170" hits="792" branch="True" condition-coverage="100% (2/2)">
                  <conditions>
                    <condition number="8" type="jump" coverage="100%" />
                  </conditions>
                </line>
                <line number="171" hits="1" branch="False" />
                <line number="172" hits="1" branch="False" />
                <line number="173" hits="1" branch="False" />
                <line number="176" hits="791" branch="True" condition-coverage="100% (2/2)">
                  <conditions>
                    <condition number="110" type="jump" coverage="100%" />
                  </conditions>
                </line>
                <line number="177" hits="791" branch="False" />
                <line number="178" hits="791" branch="False" />
                <line number="179" hits="791" branch="False" />
              </lines>
            </method>
            <method name="BuildPath" signature="(System.String)" line-rate="1" branch-rate="0.75" complexity="12">
              <lines>
                <line number="188" hits="73" branch="True" condition-coverage="100% (2/2)">
                  <conditions>
                    <condition number="6" type="jump" coverage="100%" />
                  </conditions>
                </line>
                <line number="189" hits="64" branch="True" condition-coverage="50% (1/2)">
                  <conditions>
                    <condition number="10" type="jump" coverage="50%" />
                  </conditions>
                </line>
                <line number="192" hits="9" branch="False" />
                <line number="194" hits="9" branch="True" condition-coverage="100% (2/2)">
                  <conditions>
                    <condition number="49" type="jump" coverage="100%" />
                  </conditions>
                </line>
                <line number="195" hits="5" branch="True" condition-coverage="50% (1/2)">
                  <conditions>
                    <condition number="52" type="jump" coverage="50%" />
                  </conditions>
                </line>
                <line number="199" hits="4" branch="True" condition-coverage="100% (2/2)">
                  <conditions>
                    <condition number="76" type="jump" coverage="100%" />
                  </conditions>
                </line>
                <line number="200" hits="4" branch="False" />
                <line number="202" hits="4" branch="True" condition-coverage="50% (1/2)">
                  <conditions>
                    <condition number="116" type="jump" coverage="50%" />
                  </conditions>
                </line>
                <line number="203" hits="4" branch="False" />
                <line number="204" hits="4" branch="False" />
              </lines>
            </method>
            <method name="Segment" signature="(System.String,System.String,System.Int32)" line-rate="1" branch-rate="1" complexity="4">
              <lines>
                <line number="208" hits="13" branch="True" condition-coverage="100% (2/2)">
                  <conditions>
                    <condition number="1" type="jump" coverage="100%" />
                  </conditions>
                </line>
                <line number="209" hits="1" branch="False" />
                <line number="212" hits="12" branch="True" condition-coverage="100% (2/2)">
                  <conditions>
                    <condition number="23" type="jump" coverage="100%" />
                  </conditions>
                </line>
              </lines>
            </method>
            <method name=".ctor" signature="(ValidationModules.ValidationErrorCollector)" line-rate="1" branch-rate="1" complexity="1">
              <lines>
                <line number="65" hits="754" branch="False" />
                <line number="67" hits="754" branch="False" />
                <line number="68" hits="754" branch="False" />
                <line number="69" hits="754" branch="False" />
                <line number="70" hits="754" branch="False" />
              </lines>
            </method>
            <method name=".ctor" signature="(ValidationModules.ValidationErrorCollector,System.String,System.String,System.Int32,System.String,System.String,System.Int32,System.Int32)" line-rate="1" branch-rate="1" complexity="1">
              <lines>
                <line number="81" hits="791" branch="False" />
                <line number="82" hits="791" branch="False" />
                <line number="83" hits="791" branch="False" />
                <line number="84" hits="791" branch="False" />
                <line number="85" hits="791" branch="False" />
                <line number="86" hits="791" branch="False" />
                <line number="87" hits="791" branch="False" />
                <line number="88" hits="791" branch="False" />
                <line number="89" hits="791" branch="False" />
              </lines>
            </method>
          </methods>
          <lines>
            <line number="96" hits="75" branch="False" />
            <line number="104" hits="715" branch="False" />
            <line number="112" hits="2" branch="False" />
            <line number="126" hits="72" branch="False" />
            <line number="128" hits="72" branch="False" />
            <line number="129" hits="72" branch="False" />
            <line number="141" hits="0" branch="False" />
            <line number="143" hits="0" branch="False" />
            <line number="144" hits="0" branch="False" />
            <line number="149" hits="0" branch="False" />
            <line number="155" hits="0" branch="False" />
            <line number="160" hits="0" branch="False" />
            <line number="170" hits="792" branch="True" condition-coverage="100% (2/2)">
              <conditions>
                <condition number="8" type="jump" coverage="100%" />
              </conditions>
            </line>
            <line number="171" hits="1" branch="False" />
            <line number="172" hits="1" branch="False" />
            <line number="173" hits="1" branch="False" />
            <line number="176" hits="791" branch="True" condition-coverage="100% (2/2)">
              <conditions>
                <condition number="110" type="jump" coverage="100%" />
              </conditions>
            </line>
            <line number="177" hits="791" branch="False" />
            <line number="178" hits="791" branch="False" />
            <line number="179" hits="791" branch="False" />
            <line number="188" hits="73" branch="True" condition-coverage="100% (2/2)">
              <conditions>
                <condition number="6" type="jump" coverage="100%" />
              </conditions>
            </line>
            <line number="189" hits="64" branch="True" condition-coverage="50% (1/2)">
              <conditions>
                <condition number="10" type="jump" coverage="50%" />
              </conditions>
            </line>
            <line number="192" hits="9" branch="False" />
            <line number="194" hits="9" branch="True" condition-coverage="100% (2/2)">
              <conditions>
                <condition number="49" type="jump" coverage="100%" />
              </conditions>
            </line>
            <line number="195" hits="5" branch="True" condition-coverage="50% (1/2)">
              <conditions>
                <condition number="52" type="jump" coverage="50%" />
              </conditions>
            </line>
            <line number="199" hits="4" branch="True" condition-coverage="100% (2/2)">
              <conditions>
                <condition number="76" type="jump" coverage="100%" />
              </conditions>
            </line>
            <line number="200" hits="4" branch="False" />
            <line number="202" hits="4" branch="True" condition-coverage="50% (1/2)">
              <conditions>
                <condition number="116" type="jump" coverage="50%" />
              </conditions>
            </line>
            <line number="203" hits="4" branch="False" />
            <line number="204" hits="4" branch="False" />
            <line number="208" hits="13" branch="True" condition-coverage="100% (2/2)">
              <conditions>
                <condition number="1" type="jump" coverage="100%" />
              </conditions>
            </line>
            <line number="209" hits="1" branch="False" />
            <line number="212" hits="12" branch="True" condition-coverage="100% (2/2)">
              <conditions>
                <condition number="23" type="jump" coverage="100%" />
              </conditions>
            </line>
            <line number="65" hits="754" branch="False" />
            <line number="67" hits="754" branch="False" />
            <line number="68" hits="754" branch="False" />
            <line number="69" hits="754" branch="False" />
            <line number="70" hits="754" branch="False" />
            <line number="81" hits="791" branch="False" />
            <line number="82" hits="791" branch="False" />
            <line number="83" hits="791" branch="False" />
            <line number="84" hits="791" branch="False" />
            <line number="85" hits="791" branch="False" />
            <line number="86" hits="791" branch="False" />
            <line number="87" hits="791" branch="False" />
            <line number="88" hits="791" branch="False" />
            <line number="89" hits="791" branch="False" />
          </lines>
        </class>
        <class name="ValidationModules.ValidationContextExtensions" filename="https://raw.githubusercontent.com/ipjohnson/ValidationModules/5326066691090f92c83d3f989359496ee144104f/src/ValidationModules.Runtime/ValidationContextExtensions.cs" line-rate="0.9189" branch-rate="0.6" complexity="15">
          <methods>
            <method name="AddRequired" signature="(ValidationModules.ValidationContext,System.String,ValidationModules.ValidationSeverity)" line-rate="1" branch-rate="1" complexity="1">
              <lines>
                <line number="44" hits="20" branch="False" />
              </lines>
            </method>
            <method name="AddStringLength" signature="(ValidationModules.ValidationContext,System.String,System.Int32,System.Int32,ValidationModules.ValidationSeverity)" line-rate="1" branch-rate="1" complexity="1">
              <lines>
                <line number="60" hits="3" branch="False" />
              </lines>
            </method>
            <method name="AddItemCount" signature="(ValidationModules.ValidationContext,System.String,System.Int32,System.Int32,ValidationModules.ValidationSeverity)" line-rate="1" branch-rate="1" complexity="1">
              <lines>
                <line number="76" hits="4" branch="False" />
              </lines>
            </method>
            <method name="AddRange" signature="(ValidationModules.ValidationContext,System.String,T,T,ValidationModules.ValidationSeverity)" line-rate="1" branch-rate="0.5" complexity="4">
              <lines>
                <line number="94" hits="13" branch="True" condition-coverage="50% (2/4)">
                  <conditions>
                    <condition number="64" type="jump" coverage="50%" />
                    <condition number="130" type="jump" coverage="50%" />
                  </conditions>
                </line>
                <line number="95" hits="13" branch="False" />
                <line number="96" hits="13" branch="False" />
                <line number="97" hits="13" branch="False" />
                <line number="98" hits="13" branch="False" />
                <line number="99" hits="13" branch="False" />
                <line number="100" hits="13" branch="False" />
                <line number="101" hits="13" branch="False" />
                <line number="102" hits="13" branch="False" />
                <line number="103" hits="13" branch="False" />
                <line number="104" hits="13" branch="False" />
              </lines>
            </method>
            <method name="AddPattern" signature="(ValidationModules.ValidationContext,System.String,ValidationModules.ValidationSeverity)" line-rate="1" branch-rate="1" complexity="1">
              <lines>
                <line number="118" hits="5" branch="False" />
                <line number="119" hits="5" branch="False" />
                <line number="120" hits="5" branch="False" />
                <line number="121" hits="5" branch="False" />
                <line number="122" hits="5" branch="False" />
              </lines>
            </method>
            <method name="AddAllowedValues" signature="(ValidationModules.ValidationContext,System.String,System.String,ValidationModules.ValidationSeverity)" line-rate="1" branch-rate="1" complexity="1">
              <lines>
                <line number="140" hits="2" branch="False" />
                <line number="141" hits="2" branch="False" />
                <line number="142" hits="2" branch="False" />
                <line number="143" hits="2" branch="False" />
                <line number="144" hits="2" branch="False" />
              </lines>
            </method>
            <method name="BoundsMessage" signature="(System.String,System.Int32,System.Int32,System.String)" line-rate="0.75" branch-rate="0.75" complexity="4">
              <lines>
                <line number="151" hits="7" branch="False" />
                <line number="153" hits="7" branch="True" condition-coverage="100% (2/2)">
                  <conditions>
                    <condition number="18" type="jump" coverage="100%" />
                  </conditions>
                </line>
                <line number="154" hits="4" branch="False" />
                <line number="155" hits="4" branch="False" />
                <line number="156" hits="4" branch="False" />
                <line number="159" hits="3" branch="True" condition-coverage="50% (1/2)">
                  <conditions>
                    <condition number="170" type="jump" coverage="50%" />
                  </conditions>
                </line>
                <line number="160" hits="3" branch="False" />
                <line number="161" hits="3" branch="False" />
                <line number="162" hits="3" branch="False" />
                <line number="165" hits="0" branch="False" />
                <line number="166" hits="0" branch="False" />
                <line number="167" hits="0" branch="False" />
              </lines>
            </method>
            <method name="Plural" signature="(System.Int32,System.String)" line-rate="1" branch-rate="0.5" complexity="2">
              <lines>
                <line number="170" hits="7" branch="True" condition-coverage="50% (1/2)">
                  <conditions>
                    <condition number="2" type="jump" coverage="50%" />
                  </conditions>
                </line>
              </lines>
            </method>
          </methods>
          <lines>
            <line number="44" hits="20" branch="False" />
            <line number="60" hits="3" branch="False" />
            <line number="76" hits="4" branch="False" />
            <line number="94" hits="13" branch="True" condition-coverage="50% (2/4)">
              <conditions>
                <condition number="64" type="jump" coverage="50%" />
                <condition number="130" type="jump" coverage="50%" />
              </conditions>
            </line>
            <line number="95" hits="13" branch="False" />
            <line number="96" hits="13" branch="False" />
            <line number="97" hits="13" branch="False" />
            <line number="98" hits="13" branch="False" />
            <line number="99" hits="13" branch="False" />
            <line number="100" hits="13" branch="False" />
            <line number="101" hits="13" branch="False" />
            <line number="102" hits="13" branch="False" />
            <line number="103" hits="13" branch="False" />
            <line number="104" hits="13" branch="False" />
            <line number="118" hits="5" branch="False" />
            <line number="119" hits="5" branch="False" />
            <line number="120" hits="5" branch="False" />
            <line number="121" hits="5" branch="False" />
            <line number="122" hits="5" branch="False" />
            <line number="140" hits="2" branch="False" />
            <line number="141" hits="2" branch="False" />
            <line number="142" hits="2" branch="False" />
            <line number="143" hits="2" branch="False" />
            <line number="144" hits="2" branch="False" />
            <line number="151" hits="7" branch="False" />
            <line number="153" hits="7" branch="True" condition-coverage="100% (2/2)">
              <conditions>
                <condition number="18" type="jump" coverage="100%" />
              </conditions>
            </line>
            <line number="154" hits="4" branch="False" />
            <line number="155" hits="4" branch="False" />
            <line number="156" hits="4" branch="False" />
            <line number="159" hits="3" branch="True" condition-coverage="50% (1/2)">
              <conditions>
                <condition number="170" type="jump" coverage="50%" />
              </conditions>
            </line>
            <line number="160" hits="3" branch="False" />
            <line number="161" hits="3" branch="False" />
            <line number="162" hits="3" branch="False" />
            <line number="165" hits="0" branch="False" />
            <line number="166" hits="0" branch="False" />
            <line number="167" hits="0" branch="False" />
            <line number="170" hits="7" branch="True" condition-coverage="50% (1/2)">
              <conditions>
                <condition number="2" type="jump" coverage="50%" />
              </conditions>
            </line>
          </lines>
        </class>
        <class name="ValidationModules.ValidationErrorCollector" filename="https://raw.githubusercontent.com/ipjohnson/ValidationModules/5326066691090f92c83d3f989359496ee144104f/src/ValidationModules.Runtime/ValidationErrorCollector.cs" line-rate="0.75" branch-rate="0.8461" complexity="32">
          <methods>
            <method name="CreateSynchronized" signature="(System.Type)" line-rate="0" branch-rate="1" complexity="1">
              <lines>
                <line number="114" hits="0" branch="False" />
              </lines>
            </method>
            <method name="get_HasErrors" signature="()" line-rate="1" branch-rate="1" complexity="1">
              <lines>
                <line number="119" hits="10" branch="False" />
              </lines>
            </method>
            <method name="get_Count" signature="()" line-rate="1" branch-rate="1" complexity="2">
              <lines>
                <line number="132" hits="40" branch="False" />
                <line number="133" hits="216" branch="True" condition-coverage="100% (2/2)">
                  <conditions>
                    <condition number="23" type="jump" coverage="100%" />
                  </conditions>
                </line>
                <line number="134" hits="68" branch="False" />
                <line number="137" hits="40" branch="False" />
              </lines>
            </method>
            <method name="Add" signature="(ValidationModules.ValidationError&amp;)" line-rate="0.4285" branch-rate="0.5" complexity="2">
              <lines>
                <line number="151" hits="72" branch="True" condition-coverage="50% (1/2)">
                  <conditions>
                    <condition number="6" type="jump" coverage="50%" />
                  </conditions>
                </line>
                <line number="152" hits="72" branch="False" />
                <line number="153" hits="72" branch="False" />
                <line number="156" hits="0" branch="False" />
                <line number="157" hits="0" branch="False" />
                <line number="158" hits="0" branch="False" />
                <line number="159" hits="0" branch="False" />
              </lines>
            </method>
            <method name="ToResult" signature="()" line-rate="1" branch-rate="1" complexity="4">
              <lines>
                <line number="171" hits="43" branch="True" condition-coverage="100% (2/2)">
                  <conditions>
                    <condition number="6" type="jump" coverage="100%" />
                  </conditions>
                </line>
                <line number="172" hits="3" branch="False" />
                <line number="175" hits="40" branch="False" />
                <line number="176" hits="40" branch="False" />
                <line number="177" hits="216" branch="True" condition-coverage="100% (2/2)">
                  <conditions>
                    <condition number="64" type="jump" coverage="100%" />
                  </conditions>
                </line>
                <line number="178" hits="68" branch="False" />
                <line number="181" hits="40" branch="False" />
              </lines>
            </method>
            <method name="Reset" signature="()" line-rate="0.6666" branch-rate="0.5" complexity="2">
              <lines>
                <line number="194" hits="700" branch="False" />
                <line number="195" hits="700" branch="True" condition-coverage="50% (1/2)">
                  <conditions>
                    <condition number="14" type="jump" coverage="50%" />
                  </conditions>
                </line>
                <line number="196" hits="0" branch="False" />
              </lines>
            </method>
            <method name="AddCore" signature="(ValidationModules.ValidationError&amp;)" line-rate="0.8571" branch-rate="0.9166" complexity="12">
              <lines>
                <line number="225" hits="72" branch="True" condition-coverage="83.33% (5/6)">
                  <conditions>
                    <condition number="8" type="jump" coverage="100%" />
                    <condition number="17" type="jump" coverage="100%" />
                    <condition number="31" type="jump" coverage="50%" />
                  </conditions>
                </line>
                <line number="226" hits="0" branch="False" />
                <line number="229" hits="72" branch="False" />
                <line number="233" hits="72" branch="True" condition-coverage="100% (4/4)">
                  <conditions>
                    <condition number="47" type="jump" coverage="100%" />
                    <condition number="66" type="jump" coverage="100%" />
                  </conditions>
                </line>
                <line number="234" hits="72" branch="False" />
                <line number="235" hits="21" branch="True" condition-coverage="100% (2/2)">
                  <conditions>
                    <condition number="75" type="jump" coverage="100%" />
                  </conditions>
                </line>
                <line number="237" hits="72" branch="False" />
              </lines>
            </method>
            <method name="Record" signature="(ValidationModules.ValidationError&amp;)" line-rate="1" branch-rate="1" complexity="1">
              <lines>
                <line number="244" hits="72" branch="False" />
              </lines>
            </method>
            <method name="IsSuppressed" signature="(System.String)" line-rate="0.8" branch-rate="0.75" complexity="4">
              <lines>
                <line number="247" hits="10" branch="False" />
                <line number="249" hits="42" branch="True" condition-coverage="100% (2/2)">
                  <conditions>
                    <condition number="40" type="jump" coverage="100%" />
                  </conditions>
                </line>
                <line number="250" hits="11" branch="True" condition-coverage="50% (1/2)">
                  <conditions>
                    <condition number="25" type="jump" coverage="50%" />
                  </conditions>
                </line>
                <line number="251" hits="0" branch="False" />
                <line number="255" hits="10" branch="False" />
              </lines>
            </method>
            <method name=".ctor" signature="()" line-rate="1" branch-rate="1" complexity="1">
              <lines>
                <line number="89" hits="1" branch="False" />
              </lines>
            </method>
            <method name=".ctor" signature="(System.Type)" line-rate="1" branch-rate="1" complexity="1">
              <lines>
                <line number="97" hits="54" branch="False" />
              </lines>
            </method>
            <method name=".ctor" signature="(System.Type,System.Object)" line-rate="0" branch-rate="1" complexity="1">
              <lines>
                <line number="101" hits="0" branch="False" />
                <line number="102" hits="0" branch="False" />
              </lines>
            </method>
          </methods>
          <lines>
            <line number="114" hits="0" branch="False" />
            <line number="119" hits="10" branch="False" />
            <line number="132" hits="40" branch="False" />
            <line number="133" hits="216" branch="True" condition-coverage="100% (2/2)">
              <conditions>
                <condition number="23" type="jump" coverage="100%" />
              </conditions>
            </line>
            <line number="134" hits="68" branch="False" />
            <line number="137" hits="40" branch="False" />
            <line number="151" hits="72" branch="True" condition-coverage="50% (1/2)">
              <conditions>
                <condition number="6" type="jump" coverage="50%" />
              </conditions>
            </line>
            <line number="152" hits="72" branch="False" />
            <line number="153" hits="72" branch="False" />
            <line number="156" hits="0" branch="False" />
            <line number="157" hits="0" branch="False" />
            <line number="158" hits="0" branch="False" />
            <line number="159" hits="0" branch="False" />
            <line number="171" hits="43" branch="True" condition-coverage="100% (2/2)">
              <conditions>
                <condition number="6" type="jump" coverage="100%" />
              </conditions>
            </line>
            <line number="172" hits="3" branch="False" />
            <line number="175" hits="40" branch="False" />
            <line number="176" hits="40" branch="False" />
            <line number="177" hits="216" branch="True" condition-coverage="100% (2/2)">
              <conditions>
                <condition number="64" type="jump" coverage="100%" />
              </conditions>
            </line>
            <line number="178" hits="68" branch="False" />
            <line number="181" hits="40" branch="False" />
            <line number="194" hits="700" branch="False" />
            <line number="195" hits="700" branch="True" condition-coverage="50% (1/2)">
              <conditions>
                <condition number="14" type="jump" coverage="50%" />
              </conditions>
            </line>
            <line number="196" hits="0" branch="False" />
            <line number="225" hits="72" branch="True" condition-coverage="83.33% (5/6)">
              <conditions>
                <condition number="8" type="jump" coverage="100%" />
                <condition number="17" type="jump" coverage="100%" />
                <condition number="31" type="jump" coverage="50%" />
              </conditions>
            </line>
            <line number="226" hits="0" branch="False" />
            <line number="229" hits="72" branch="False" />
            <line number="233" hits="72" branch="True" condition-coverage="100% (4/4)">
              <conditions>
                <condition number="47" type="jump" coverage="100%" />
                <condition number="66" type="jump" coverage="100%" />
              </conditions>
            </line>
            <line number="234" hits="72" branch="False" />
            <line number="235" hits="21" branch="True" condition-coverage="100% (2/2)">
              <conditions>
                <condition number="75" type="jump" coverage="100%" />
              </conditions>
            </line>
            <line number="237" hits="72" branch="False" />
            <line number="244" hits="72" branch="False" />
            <line number="247" hits="10" branch="False" />
            <line number="249" hits="42" branch="True" condition-coverage="100% (2/2)">
              <conditions>
                <condition number="40" type="jump" coverage="100%" />
              </conditions>
            </line>
            <line number="250" hits="11" branch="True" condition-coverage="50% (1/2)">
              <conditions>
                <condition number="25" type="jump" coverage="50%" />
              </conditions>
            </line>
            <line number="251" hits="0" branch="False" />
            <line number="255" hits="10" branch="False" />
            <line number="89" hits="1" branch="False" />
            <line number="97" hits="54" branch="False" />
            <line number="101" hits="0" branch="False" />
            <line number="102" hits="0" branch="False" />
          </lines>
        </class>
        <class name="ValidationModules.ValidationException" filename="https://raw.githubusercontent.com/ipjohnson/ValidationModules/5326066691090f92c83d3f989359496ee144104f/src/ValidationModules.Runtime/ValidationException.cs" line-rate="0" branch-rate="0" complexity="7">
          <methods>
            <method name="BuildMessage" signature="(ValidationModules.ValidationResult)" line-rate="0" branch-rate="0" complexity="6">
              <lines>
                <line number="32" hits="0" branch="True" condition-coverage="0% (0/4)">
                  <conditions>
                    <condition number="1" type="jump" coverage="0%" />
                    <condition number="14" type="jump" coverage="0%" />
                  </conditions>
                </line>
                <line number="33" hits="0" branch="False" />
                <line number="36" hits="0" branch="False" />
                <line number="37" hits="0" branch="False" />
                <line number="39" hits="0" branch="True" condition-coverage="0% (0/2)">
                  <conditions>
                    <condition number="50" type="jump" coverage="0%" />
                  </conditions>
                </line>
                <line number="40" hits="0" branch="False" />
                <line number="41" hits="0" branch="False" />
              </lines>
            </method>
            <method name=".ctor" signature="(ValidationModules.ValidationResult)" line-rate="0" branch-rate="1" complexity="1">
              <lines>
                <line number="20" hits="0" branch="False" />
                <line number="21" hits="0" branch="False" />
                <line number="24" hits="0" branch="False" />
              </lines>
            </method>
          </methods>
          <lines>
            <line number="32" hits="0" branch="True" condition-coverage="0% (0/4)">
              <conditions>
                <condition number="1" type="jump" coverage="0%" />
                <condition number="14" type="jump" coverage="0%" />
              </conditions>
            </line>
            <line number="33" hits="0" branch="False" />
            <line number="36" hits="0" branch="False" />
            <line number="37" hits="0" branch="False" />
            <line number="39" hits="0" branch="True" condition-coverage="0% (0/2)">
              <conditions>
                <condition number="50" type="jump" coverage="0%" />
              </conditions>
            </line>
            <line number="40" hits="0" branch="False" />
            <line number="41" hits="0" branch="False" />
            <line number="20" hits="0" branch="False" />
            <line number="21" hits="0" branch="False" />
            <line number="24" hits="0" branch="False" />
          </lines>
        </class>
        <class name="ValidationModules.ValidationResult" filename="https://raw.githubusercontent.com/ipjohnson/ValidationModules/5326066691090f92c83d3f989359496ee144104f/src/ValidationModules.Runtime/ValidationResult.cs" line-rate="0.2857" branch-rate="0.1666" complexity="15">
          <methods>
            <method name="get_IsValid" signature="()" line-rate="0.5" branch-rate="0.25" complexity="4">
              <lines>
                <line number="39" hits="6" branch="True" condition-coverage="50% (1/2)">
                  <conditions>
                    <condition number="44" type="jump" coverage="50%" />
                  </conditions>
                </line>
                <line number="40" hits="0" branch="True" condition-coverage="0% (0/2)">
                  <conditions>
                    <condition number="24" type="jump" coverage="0%" />
                  </conditions>
                </line>
                <line number="41" hits="0" branch="False" />
                <line number="45" hits="3" branch="False" />
              </lines>
            </method>
            <method name="get_HasErrors" signature="()" line-rate="0" branch-rate="1" complexity="1">
              <lines>
                <line number="53" hits="0" branch="False" />
              </lines>
            </method>
            <method name="FromErrors" signature="(System.Collections.Generic.IEnumerable`1&lt;ValidationModules.ValidationError&gt;)" line-rate="0" branch-rate="0" complexity="2">
              <lines>
                <line number="59" hits="0" branch="False" />
                <line number="62" hits="0" branch="False" />
                <line number="64" hits="0" branch="True" condition-coverage="0% (0/2)">
                  <conditions>
                    <condition number="24" type="jump" coverage="0%" />
                  </conditions>
                </line>
              </lines>
            </method>
            <method name="FromOwnedArray" signature="(ValidationModules.ValidationError[])" line-rate="1" branch-rate="0.5" complexity="2">
              <lines>
                <line number="80" hits="40" branch="True" condition-coverage="50% (1/2)">
                  <conditions>
                    <condition number="2" type="jump" coverage="50%" />
                  </conditions>
                </line>
              </lines>
            </method>
            <method name="Merge" signature="(ValidationModules.ValidationResult)" line-rate="0" branch-rate="0" complexity="4">
              <lines>
                <line number="91" hits="0" branch="False" />
                <line number="93" hits="0" branch="True" condition-coverage="0% (0/2)">
                  <conditions>
                    <condition number="17" type="jump" coverage="0%" />
                  </conditions>
                </line>
                <line number="94" hits="0" branch="False" />
                <line number="97" hits="0" branch="True" condition-coverage="0% (0/2)">
                  <conditions>
                    <condition number="27" type="jump" coverage="0%" />
                  </conditions>
                </line>
                <line number="98" hits="0" branch="False" />
                <line number="101" hits="0" branch="False" />
                <line number="102" hits="0" branch="False" />
                <line number="103" hits="0" branch="False" />
                <line number="105" hits="0" branch="False" />
              </lines>
            </method>
            <method name=".ctor" signature="(System.Collections.Generic.IReadOnlyList`1&lt;ValidationModules.ValidationError&gt;)" line-rate="1" branch-rate="1" complexity="1">
              <lines>
                <line number="21" hits="41" branch="False" />
              </lines>
            </method>
            <method name=".cctor" signature="()" line-rate="1" branch-rate="1" complexity="1">
              <lines>
                <line number="17" hits="1" branch="False" />
                <line number="26" hits="1" branch="False" />
              </lines>
            </method>
          </methods>
          <lines>
            <line number="39" hits="6" branch="True" condition-coverage="50% (1/2)">
              <conditions>
                <condition number="44" type="jump" coverage="50%" />
              </conditions>
            </line>
            <line number="40" hits="0" branch="True" condition-coverage="0% (0/2)">
              <conditions>
                <condition number="24" type="jump" coverage="0%" />
              </conditions>
            </line>
            <line number="41" hits="0" branch="False" />
            <line number="45" hits="3" branch="False" />
            <line number="53" hits="0" branch="False" />
            <line number="59" hits="0" branch="False" />
            <line number="62" hits="0" branch="False" />
            <line number="64" hits="0" branch="True" condition-coverage="0% (0/2)">
              <conditions>
                <condition number="24" type="jump" coverage="0%" />
              </conditions>
            </line>
            <line number="80" hits="40" branch="True" condition-coverage="50% (1/2)">
              <conditions>
                <condition number="2" type="jump" coverage="50%" />
              </conditions>
            </line>
            <line number="91" hits="0" branch="False" />
            <line number="93" hits="0" branch="True" condition-coverage="0% (0/2)">
              <conditions>
                <condition number="17" type="jump" coverage="0%" />
              </conditions>
            </line>
            <line number="94" hits="0" branch="False" />
            <line number="97" hits="0" branch="True" condition-coverage="0% (0/2)">
              <conditions>
                <condition number="27" type="jump" coverage="0%" />
              </conditions>
            </line>
            <line number="98" hits="0" branch="False" />
            <line number="101" hits="0" branch="False" />
            <line number="102" hits="0" branch="False" />
            <line number="103" hits="0" branch="False" />
            <line number="105" hits="0" branch="False" />
            <line number="21" hits="41" branch="False" />
            <line number="17" hits="1" branch="False" />
            <line number="26" hits="1" branch="False" />
          </lines>
        </class>
        <class name="ValidationModules.ValidationRunner`1" filename="https://raw.githubusercontent.com/ipjohnson/ValidationModules/5326066691090f92c83d3f989359496ee144104f/src/ValidationModules.Runtime/ValidationRunner.cs" line-rate="0" branch-rate="0" complexity="4">
          <methods>
            <method name="Validate" signature="(T,System.Type)" line-rate="0" branch-rate="1" complexity="1">
              <lines>
                <line number="45" hits="0" branch="False" />
                <line number="47" hits="0" branch="False" />
                <line number="49" hits="0" branch="False" />
              </lines>
            </method>
            <method name="RunStructural" signature="(ValidationModules.ValidationErrorCollector,T)" line-rate="0" branch-rate="0" complexity="2">
              <lines>
                <line number="90" hits="0" branch="True" condition-coverage="0% (0/2)">
                  <conditions>
                    <condition number="42" type="jump" coverage="0%" />
                  </conditions>
                </line>
                <line number="91" hits="0" branch="False" />
                <line number="93" hits="0" branch="False" />
                <line number="95" hits="0" branch="False" />
[...]
            <line number="310" hits="146" branch="True" condition-coverage="100% (4/4)">
              <conditions>
                <condition number="67" type="jump" coverage="100%" />
                <condition number="52" type="jump" coverage="100%" />
              </conditions>
            </line>
            <line number="311" hits="102" branch="False" />
            <line number="314" hits="44" branch="False" />
            <line number="318" hits="106" branch="True" condition-coverage="100% (4/4)">
              <conditions>
                <condition number="6" type="jump" coverage="100%" />
                <condition number="11" type="jump" coverage="100%" />
              </conditions>
            </line>
            <line number="321" hits="132" branch="True" condition-coverage="100% (2/2)">
              <conditions>
                <condition number="6" type="jump" coverage="100%" />
              </conditions>
            </line>
            <line number="327" hits="16" branch="False" />
            <line number="328" hits="16" branch="False" />
            <line number="329" hits="16" branch="False" />
            <line number="331" hits="350" branch="True" condition-coverage="100% (2/2)">
              <conditions>
                <condition number="120" type="jump" coverage="100%" />
              </conditions>
            </line>
            <line number="332" hits="334" branch="False" />
            <line number="334" hits="334" branch="True" condition-coverage="100% (2/2)">
              <conditions>
                <condition number="32" type="jump" coverage="100%" />
              </conditions>
            </line>
            <line number="335" hits="64" branch="False" />
            <line number="336" hits="64" branch="False" />
            <line number="337" hits="64" branch="False" />
            <line number="340" hits="270" branch="True" condition-coverage="100% (2/2)">
              <conditions>
                <condition number="51" type="jump" coverage="100%" />
              </conditions>
            </line>
            <line number="341" hits="64" branch="False" />
            <line number="342" hits="64" branch="False" />
            <line number="345" hits="270" branch="True" condition-coverage="50% (2/4)">
              <conditions>
                <condition number="67" type="jump" coverage="50%" />
                <condition number="72" type="jump" coverage="50%" />
              </conditions>
            </line>
            <line number="346" hits="0" branch="False" />
            <line number="347" hits="0" branch="False" />
            <line number="348" hits="0" branch="False" />
            <line number="349" hits="0" branch="False" />
            <line number="352" hits="270" branch="False" />
            <line number="353" hits="270" branch="False" />
            <line number="356" hits="16" branch="False" />
          </lines>
        </class>
        <class name="ValidationModules.Naming.FieldNamer" filename="https://raw.githubusercontent.com/ipjohnson/ValidationModules/5326066691090f92c83d3f989359496ee144104f/src/ValidationModules.Runtime/Naming/FieldNamer.cs" line-rate="0" branch-rate="0" complexity="3">
          <methods>
            <method name="Combine" signature="(System.String,System.String)" line-rate="0" branch-rate="0" complexity="2">
              <lines>
                <line number="20" hits="0" branch="True" condition-coverage="0% (0/2)">
                  <conditions>
                    <condition number="6" type="jump" coverage="0%" />
                  </conditions>
                </line>
              </lines>
            </method>
            <method name="CombineIndex" signature="(System.String,System.String,System.Int32)" line-rate="0" branch-rate="1" complexity="1">
              <lines>
                <line number="24" hits="0" branch="False" />
              </lines>
            </method>
          </methods>
          <lines>
            <line number="20" hits="0" branch="True" condition-coverage="0% (0/2)">
              <conditions>
                <condition number="6" type="jump" coverage="0%" />
              </conditions>
            </line>
            <line number="24" hits="0" branch="False" />
          </lines>
        </class>
        <class name="ValidationModules.Naming.CamelCaseFieldNamer" filename="https://raw.githubusercontent.com/ipjohnson/ValidationModules/5326066691090f92c83d3f989359496ee144104f/src/ValidationModules.Runtime/Naming/FieldNamer.cs" line-rate="0.8" branch-rate="0.5" complexity="5">
          <methods>
            <method name="ToFieldName" signature="(System.String)" line-rate="0.75" branch-rate="0.5" complexity="4">
              <lines>
                <line number="38" hits="20" branch="False" />
                <line number="40" hits="20" branch="True" condition-coverage="50% (2/4)">
                  <conditions>
                    <condition number="17" type="jump" coverage="50%" />
                    <condition number="31" type="jump" coverage="50%" />
                  </conditions>
                </line>
                <line number="41" hits="0" branch="False" />
                <line number="44" hits="20" branch="False" />
              </lines>
            </method>
            <method name=".cctor" signature="()" line-rate="1" branch-rate="1" complexity="1">
              <lines>
                <line number="34" hits="2" branch="False" />
              </lines>
            </method>
          </methods>
          <lines>
            <line number="38" hits="20" branch="False" />
            <line number="40" hits="20" branch="True" condition-coverage="50% (2/4)">
              <conditions>
                <condition number="17" type="jump" coverage="50%" />
                <condition number="31" type="jump" coverage="50%" />
              </conditions>
            </line>
            <line number="41" hits="0" branch="False" />
            <line number="44" hits="20" branch="False" />
            <line number="34" hits="2" branch="False" />
          </lines>
        </class>
        <class name="ValidationModules.Naming.PascalCaseFieldNamer" filename="https://raw.githubusercontent.com/ipjohnson/ValidationModules/5326066691090f92c83d3f989359496ee144104f/src/ValidationModules.Runtime/Naming/FieldNamer.cs" line-rate="0" branch-rate="1" complexity="2">
          <methods>
            <method name="ToFieldName" signature="(System.String)" line-rate="0" branch-rate="1" complexity="1">
              <lines>
                <line number="58" hits="0" branch="False" />
                <line number="60" hits="0" branch="False" />
              </lines>
            </method>
            <method name=".cctor" signature="()" line-rate="0" branch-rate="1" complexity="1">
              <lines>
                <line number="54" hits="0" branch="False" />
              </lines>
            </method>
          </methods>
          <lines>
            <line number="58" hits="0" branch="False" />
            <line number="60" hits="0" branch="False" />
            <line number="54" hits="0" branch="False" />
          </lines>
        </class>
        <class name="ValidationModules.Naming.SnakeCaseFieldNamer" filename="https://raw.githubusercontent.com/ipjohnson/ValidationModules/5326066691090f92c83d3f989359496ee144104f/src/ValidationModules.Runtime/Naming/FieldNamer.cs" line-rate="0" branch-rate="0" complexity="15">
          <methods>
            <method name="ToFieldName" signature="(System.String)" line-rate="0" branch-rate="0" complexity="14">
              <lines>
                <line number="74" hits="0" branch="False" />
                <line number="76" hits="0" branch="True" condition-coverage="0% (0/2)">
                  <conditions>
                    <condition number="17" type="jump" coverage="0%" />
                  </conditions>
                </line>
                <line number="77" hits="0" branch="False" />
                <line number="80" hits="0" branch="False" />
                <line number="82" hits="0" branch="True" condition-coverage="0% (0/2)">
                  <conditions>
                    <condition number="154" type="jump" coverage="0%" />
                  </conditions>
                </line>
                <line number="83" hits="0" branch="False" />
                <line number="85" hits="0" branch="True" condition-coverage="0% (0/2)">
                  <conditions>
                    <condition number="53" type="jump" coverage="0%" />
                  </conditions>
                </line>
                <line number="89" hits="0" branch="True" condition-coverage="0% (0/6)">
                  <conditions>
                    <condition number="57" type="jump" coverage="0%" />
                    <condition number="73" type="jump" coverage="0%" />
                    <condition number="84" type="jump" coverage="0%" />
                  </conditions>
                </line>
                <line number="90" hits="0" branch="False" />
                <line number="91" hits="0" branch="False" />
                <line number="92" hits="0" branch="False" />
                <line number="94" hits="0" branch="True" condition-coverage="0% (0/2)">
                  <conditions>
                    <condition number="109" type="jump" coverage="0%" />
                  </conditions>
                </line>
                <line number="95" hits="0" branch="False" />
                <line number="98" hits="0" branch="False" />
                <line number="100" hits="0" branch="False" />
                <line number="104" hits="0" branch="False" />
              </lines>
            </method>
            <method name=".cctor" signature="()" line-rate="0" branch-rate="1" complexity="1">
              <lines>
                <line number="70" hits="0" branch="False" />
              </lines>
            </method>
          </methods>
          <lines>
            <line number="74" hits="0" branch="False" />
            <line number="76" hits="0" branch="True" condition-coverage="0% (0/2)">
              <conditions>
                <condition number="17" type="jump" coverage="0%" />
              </conditions>
            </line>
            <line number="77" hits="0" branch="False" />
            <line number="80" hits="0" branch="False" />
            <line number="82" hits="0" branch="True" condition-coverage="0% (0/2)">
              <conditions>
                <condition number="154" type="jump" coverage="0%" />
              </conditions>
            </line>
            <line number="83" hits="0" branch="False" />
            <line number="85" hits="0" branch="True" condition-coverage="0% (0/2)">
              <conditions>
                <condition number="53" type="jump" coverage="0%" />
              </conditions>
            </line>
            <line number="89" hits="0" branch="True" condition-coverage="0% (0/6)">
              <conditions>
                <condition number="57" type="jump" coverage="0%" />
                <condition number="73" type="jump" coverage="0%" />
                <condition number="84" type="jump" coverage="0%" />
              </conditions>
            </line>
            <line number="90" hits="0" branch="False" />
            <line number="91" hits="0" branch="False" />
            <line number="92" hits="0" branch="False" />
            <line number="94" hits="0" branch="True" condition-coverage="0% (0/2)">
              <conditions>
                <condition number="109" type="jump" coverage="0%" />
              </conditions>
            </line>
            <line number="95" hits="0" branch="False" />
            <line number="98" hits="0" branch="False" />
            <line number="100" hits="0" branch="False" />
            <line number="104" hits="0" branch="False" />
            <line number="70" hits="0" branch="False" />
          </lines>
        </class>
        <class name="ValidationModules.Constraints.AllowedValuesAttribute" filename="https://raw.githubusercontent.com/ipjohnson/ValidationModules/5326066691090f92c83d3f989359496ee144104f/src/ValidationModules.Runtime/Constraints/AllowedValuesAttribute.cs" line-rate="0" branch-rate="1" complexity="1">
          <methods>
            <method name=".ctor" signature="(System.Object[])" line-rate="0" branch-rate="1" complexity="1">
              <lines>
                <line number="22" hits="0" branch="False" />
                <line number="23" hits="0" branch="False" />
                <line number="26" hits="0" branch="False" />
              </lines>
            </method>
          </methods>
          <lines>
            <line number="22" hits="0" branch="False" />
            <line number="23" hits="0" branch="False" />
            <line number="26" hits="0" branch="False" />
          </lines>
        </class>
        <class name="ValidationModules.Constraints.ItemCountAttribute" filename="https://raw.githubusercontent.com/ipjohnson/ValidationModules/5326066691090f92c83d3f989359496ee144104f/src/ValidationModules.Runtime/Constraints/ItemCountAttribute.cs" line-rate="0" branch-rate="1" complexity="2">
          <methods>
            <method name=".ctor" signature="()" line-rate="0" branch-rate="1" complexity="1">
              <lines>
                <line number="15" hits="0" branch="False" />
              </lines>
            </method>
            <method name=".ctor" signature="(System.Int32,System.Int32)" line-rate="0" branch-rate="1" complexity="1">
              <lines>
                <line number="22" hits="0" branch="False" />
                <line number="23" hits="0" branch="False" />
                <line number="24" hits="0" branch="False" />
                <line number="25" hits="0" branch="False" />
              </lines>
            </method>
          </methods>
          <lines>
            <line number="15" hits="0" branch="False" />
            <line number="22" hits="0" branch="False" />
            <line number="23" hits="0" branch="False" />
            <line number="24" hits="0" branch="False" />
            <line number="25" hits="0" branch="False" />
          </lines>
        </class>
        <class name="ValidationModules.Constraints.PatternAttribute" filename="https://raw.githubusercontent.com/ipjohnson/ValidationModules/5326066691090f92c83d3f989359496ee144104f/src/ValidationModules.Runtime/Constraints/PatternAttribute.cs" line-rate="0" branch-rate="1" complexity="2">
          <methods>
            <method name=".ctor" signature="(System.String)" line-rate="0" branch-rate="1" complexity="1">
              <lines>
                <line number="48" hits="0" branch="False" />
                <line number="49" hits="0" branch="False" />
                <line number="52" hits="0" branch="False" />
              </lines>
            </method>
            <method name=".ctor" signature="(System.Type,System.String)" line-rate="0" branch-rate="1" complexity="1">
              <lines>
                <line number="64" hits="0" branch="False" />
                <line number="65" hits="0" branch="False" />
                <line number="66" hits="0" branch="False" />
                <line number="70" hits="0" branch="False" />
              </lines>
            </method>
          </methods>
          <lines>
            <line number="48" hits="0" branch="False" />
            <line number="49" hits="0" branch="False" />
            <line number="52" hits="0" branch="False" />
            <line number="64" hits="0" branch="False" />
            <line number="65" hits="0" branch="False" />
            <line number="66" hits="0" branch="False" />
            <line number="70" hits="0" branch="False" />
          </lines>
        </class>
        <class name="ValidationModules.Constraints.RangeAttribute" filename="https://raw.githubusercontent.com/ipjohnson/ValidationModules/5326066691090f92c83d3f989359496ee144104f/src/ValidationModules.Runtime/Constraints/RangeAttribute.cs" line-rate="0" branch-rate="1" complexity="4">
          <methods>
            <method name=".ctor" signature="(System.Int32,System.Int32)" line-rate="0" branch-rate="1" complexity="1">
              <lines>
                <line number="22" hits="0" branch="False" />
                <line number="23" hits="0" branch="False" />
                <line number="24" hits="0" branch="False" />
                <line number="25" hits="0" branch="False" />
              </lines>
            </method>
            <method name=".ctor" signature="(System.Int64,System.Int64)" line-rate="0" branch-rate="1" complexity="1">
              <lines>
                <line number="28" hits="0" branch="False" />
                <line number="29" hits="0" branch="False" />
                <line number="30" hits="0" branch="False" />
                <line number="31" hits="0" branch="False" />
              </lines>
            </method>
            <method name=".ctor" signature="(System.Double,System.Double)" line-rate="0" branch-rate="1" complexity="1">
              <lines>
                <line number="34" hits="0" branch="False" />
                <line number="35" hits="0" branch="False" />
                <line number="36" hits="0" branch="False" />
                <line number="37" hits="0" branch="False" />
              </lines>
            </method>
            <method name=".ctor" signature="(System.String,System.String)" line-rate="0" branch-rate="1" complexity="1">
              <lines>
                <line number="43" hits="0" branch="False" />
                <line number="46" hits="0" branch="False" />
              </lines>
            </method>
          </methods>
          <lines>
            <line number="22" hits="0" branch="False" />
            <line number="23" hits="0" branch="False" />
            <line number="24" hits="0" branch="False" />
            <line number="25" hits="0" branch="False" />
            <line number="28" hits="0" branch="False" />
            <line number="29" hits="0" branch="False" />
            <line number="30" hits="0" branch="False" />
            <line number="31" hits="0" branch="False" />
            <line number="34" hits="0" branch="False" />
            <line number="35" hits="0" branch="False" />
            <line number="36" hits="0" branch="False" />
            <line number="37" hits="0" branch="False" />
            <line number="43" hits="0" branch="False" />
            <line number="46" hits="0" branch="False" />
          </lines>
        </class>
        <class name="ValidationModules.Constraints.StringLengthAttribute" filename="https://raw.githubusercontent.com/ipjohnson/ValidationModules/5326066691090f92c83d3f989359496ee144104f/src/ValidationModules.Runtime/Constraints/StringLengthAttribute.cs" line-rate="0" branch-rate="1" complexity="2">
          <methods>
            <method name=".ctor" signature="()" line-rate="0" branch-rate="1" complexity="1">
              <lines>
                <line number="17" hits="0" branch="False" />
              </lines>
            </method>
            <method name=".ctor" signature="(System.Int32,System.Int32)" line-rate="0" branch-rate="1" complexity="1">
              <lines>
                <line number="24" hits="0" branch="False" />
                <line number="25" hits="0" branch="False" />
                <line number="26" hits="0" branch="False" />
                <line number="27" hits="0" branch="False" />
              </lines>
            </method>
          </methods>
          <lines>
            <line number="17" hits="0" branch="False" />
            <line number="24" hits="0" branch="False" />
            <line number="25" hits="0" branch="False" />
            <line number="26" hits="0" branch="False" />
            <line number="27" hits="0" branch="False" />
          </lines>
        </class>
      </classes>
    </package>
  </packages>
</coverage>